2016-08-15 10:47:55,014 INFO  - FrameworkServlet 'dispatcher': initialization started
2016-08-15 10:47:55,022 INFO  - Refreshing WebApplicationContext for namespace 'dispatcher-servlet': startup date [Mon Aug 15 10:47:55 EET 2016]; root of context hierarchy
2016-08-15 10:47:55,100 INFO  - Registering annotated classes: [class by.it.academy.adorop.web.infrostructure.WebConfig]
2016-08-15 10:47:56,208 INFO  - Bean 'org.springframework.security.config.annotation.configuration.ObjectPostProcessorConfiguration' of type [class org.springframework.security.config.annotation.configuration.ObjectPostProcessorConfiguration$$EnhancerBySpringCGLIB$$199c0c3e] is not eligible for getting processed by all BeanPostProcessors (for example: not eligible for auto-proxying)
2016-08-15 10:47:56,523 INFO  - Bean 'objectPostProcessor' of type [class org.springframework.security.config.annotation.configuration.AutowireBeanFactoryObjectPostProcessor] is not eligible for getting processed by all BeanPostProcessors (for example: not eligible for auto-proxying)
2016-08-15 10:47:56,528 INFO  - Bean 'org.springframework.security.access.expression.method.DefaultMethodSecurityExpressionHandler@4a5a185c' of type [class org.springframework.security.access.expression.method.DefaultMethodSecurityExpressionHandler] is not eligible for getting processed by all BeanPostProcessors (for example: not eligible for auto-proxying)
2016-08-15 10:47:56,542 INFO  - Bean 'org.springframework.security.config.annotation.method.configuration.GlobalMethodSecurityConfiguration' of type [class org.springframework.security.config.annotation.method.configuration.GlobalMethodSecurityConfiguration$$EnhancerBySpringCGLIB$$3e70aef0] is not eligible for getting processed by all BeanPostProcessors (for example: not eligible for auto-proxying)
2016-08-15 10:47:56,575 INFO  - Bean 'methodSecurityMetadataSource' of type [class org.springframework.security.access.method.DelegatingMethodSecurityMetadataSource] is not eligible for getting processed by all BeanPostProcessors (for example: not eligible for auto-proxying)
2016-08-15 10:47:56,593 INFO  - Bean 'org.springframework.cache.annotation.ProxyCachingConfiguration' of type [class org.springframework.cache.annotation.ProxyCachingConfiguration$$EnhancerBySpringCGLIB$$ca007a22] is not eligible for getting processed by all BeanPostProcessors (for example: not eligible for auto-proxying)
2016-08-15 10:47:56,661 INFO  - Bean 'org.springframework.transaction.annotation.ProxyTransactionManagementConfiguration' of type [class org.springframework.transaction.annotation.ProxyTransactionManagementConfiguration$$EnhancerBySpringCGLIB$$80ee4404] is not eligible for getting processed by all BeanPostProcessors (for example: not eligible for auto-proxying)
2016-08-15 10:47:57,383 INFO  - HHH000412: Hibernate Core {5.0.7.Final}
2016-08-15 10:47:57,386 INFO  - HHH000206: hibernate.properties not found
2016-08-15 10:47:57,388 INFO  - HHH000021: Bytecode provider name : javassist
2016-08-15 10:47:57,479 INFO  - HCANN000001: Hibernate Commons Annotations {5.0.1.Final}
2016-08-15 10:47:58,197 INFO  - HHH000400: Using dialect: org.hibernate.dialect.MySQLDialect
2016-08-15 10:47:58,926 INFO  - HV000001: Hibernate Validator 5.2.2.Final
2016-08-15 10:48:00,292 INFO  - Mapped "{[/login]}" onto public java.lang.String by.it.academy.adorop.web.controllers.LoginController.login(javax.servlet.http.HttpServletRequest,org.springframework.ui.Model)
2016-08-15 10:48:00,296 INFO  - Mapped "{[/students/new]}" onto public java.lang.String by.it.academy.adorop.web.controllers.StudentController.register(by.it.academy.adorop.model.users.Student)
2016-08-15 10:48:00,296 INFO  - Mapped "{[/students/registerForTheCourse],methods=[POST]}" onto public java.lang.String by.it.academy.adorop.web.controllers.StudentController.registerForTheCourse(by.it.academy.adorop.model.Course,by.it.academy.adorop.model.users.Student)
2016-08-15 10:48:00,296 INFO  - Mapped "{[/students/course]}" onto public java.lang.String by.it.academy.adorop.web.controllers.StudentController.showCourse(org.springframework.ui.Model,by.it.academy.adorop.model.users.Student,by.it.academy.adorop.model.Course)
2016-08-15 10:48:00,297 INFO  - Mapped "{[/students]}" onto public java.lang.String by.it.academy.adorop.web.controllers.AbstractUserController.showCourses(javax.servlet.http.HttpServletRequest)
2016-08-15 10:48:00,297 INFO  - Mapped "{[/students/new],methods=[POST]}" onto public java.lang.String by.it.academy.adorop.web.controllers.AbstractUserController.saveNewUser(T,org.springframework.validation.BindingResult,org.springframework.ui.Model)
2016-08-15 10:48:00,303 INFO  - Mapped "{[/teachers/new]}" onto public java.lang.String by.it.academy.adorop.web.controllers.TeacherController.register(by.it.academy.adorop.model.users.Teacher)
2016-08-15 10:48:00,304 INFO  - Mapped "{[/teachers/evaluate],methods=[POST]}" onto public java.lang.String by.it.academy.adorop.web.controllers.TeacherController.evaluate(by.it.academy.adorop.model.Mark,by.it.academy.adorop.model.Course,java.lang.Integer,org.springframework.ui.Model)
2016-08-15 10:48:00,304 INFO  - Mapped "{[/teachers/course]}" onto public java.lang.String by.it.academy.adorop.web.controllers.TeacherController.showCourse(by.it.academy.adorop.model.Course,org.springframework.ui.Model)
2016-08-15 10:48:00,304 INFO  - Mapped "{[/teachers/add]}" onto public java.lang.String by.it.academy.adorop.web.controllers.TeacherController.addCourse(org.springframework.ui.Model,by.it.academy.adorop.model.Course)
2016-08-15 10:48:00,305 INFO  - Mapped "{[/teachers/add],methods=[POST]}" onto public java.lang.String by.it.academy.adorop.web.controllers.TeacherController.saveNewCourse(by.it.academy.adorop.model.Course,org.springframework.validation.BindingResult,org.springframework.ui.Model,by.it.academy.adorop.model.users.Teacher)
2016-08-15 10:48:00,305 INFO  - Mapped "{[/teachers]}" onto public java.lang.String by.it.academy.adorop.web.controllers.AbstractUserController.showCourses(javax.servlet.http.HttpServletRequest)
2016-08-15 10:48:00,305 INFO  - Mapped "{[/teachers/new],methods=[POST]}" onto public java.lang.String by.it.academy.adorop.web.controllers.AbstractUserController.saveNewUser(T,org.springframework.validation.BindingResult,org.springframework.ui.Model)
2016-08-15 10:48:00,482 INFO  - Looking for @ControllerAdvice: WebApplicationContext for namespace 'dispatcher-servlet': startup date [Mon Aug 15 10:47:55 EET 2016]; root of context hierarchy
2016-08-15 10:48:00,613 INFO  - Mapped URL path [/js/**] onto handler of type [class org.springframework.web.servlet.resource.ResourceHttpRequestHandler]
2016-08-15 10:48:00,638 INFO  - Detected @ExceptionHandler methods in exceptionHandlerAdvice
2016-08-15 10:48:00,660 INFO  - Initializing EhCache CacheManager
2016-08-15 10:48:00,936 INFO  - Using DataSource [JDBC URL = jdbc:mysql://localhost:3306/elective_courses?useEncoding=yes&useSSL=false&characterEncoding=UTF-8, Username = root, partitions = 1, max (per partition) = 10, min (per partition) = 0, idle max age = 60 min, idle test period = 240 min, strategy = DEFAULT] of Hibernate SessionFactory for HibernateTransactionManager
2016-08-15 10:48:01,267 INFO  - Creating filter chain: org.springframework.security.web.util.matcher.AnyRequestMatcher@1, [org.springframework.security.web.context.request.async.WebAsyncManagerIntegrationFilter@38b79a08, org.springframework.security.web.context.SecurityContextPersistenceFilter@6e0625a7, org.springframework.security.web.header.HeaderWriterFilter@34144b0d, org.springframework.security.web.csrf.CsrfFilter@3a753d86, org.springframework.security.web.authentication.logout.LogoutFilter@3226b6aa, org.springframework.security.web.authentication.UsernamePasswordAuthenticationFilter@218ad6db, org.springframework.security.web.savedrequest.RequestCacheAwareFilter@573bab8, org.springframework.security.web.servletapi.SecurityContextHolderAwareRequestFilter@25eb90fe, org.springframework.security.web.authentication.AnonymousAuthenticationFilter@2897a9a3, org.springframework.security.web.session.SessionManagementFilter@13a23e55, org.springframework.security.web.access.ExceptionTranslationFilter@5374bfc3, org.springframework.security.web.access.intercept.FilterSecurityInterceptor@3e515c00]
2016-08-15 10:48:01,655 INFO  - Publishing TilesContext for context: org.springframework.web.servlet.view.tiles3.SpringWildcardServletTilesApplicationContext
2016-08-15 10:48:02,138 INFO  - FrameworkServlet 'dispatcher': initialization completed in 7123 ms
2016-08-15 10:48:24,660 INFO  - Closing WebApplicationContext for namespace 'dispatcher-servlet': startup date [Mon Aug 15 10:47:55 EET 2016]; root of context hierarchy
2016-08-15 10:48:24,673 INFO  - Removing TilesContext for context: org.springframework.web.servlet.view.tiles3.SpringWildcardServletTilesApplicationContext
2016-08-15 10:48:24,674 INFO  - Shutting down EhCache CacheManager
2016-08-15 10:48:24,683 INFO  - Shutting down connection pool...
2016-08-15 10:48:24,685 INFO  - Connection pool has been shutdown.
2016-08-15 10:49:54,336 INFO  - FrameworkServlet 'dispatcher': initialization started
2016-08-15 10:49:54,344 INFO  - Refreshing WebApplicationContext for namespace 'dispatcher-servlet': startup date [Mon Aug 15 10:49:54 EET 2016]; root of context hierarchy
2016-08-15 10:49:54,424 INFO  - Registering annotated classes: [class by.it.academy.adorop.web.infrostructure.WebConfig]
2016-08-15 10:49:55,672 INFO  - Bean 'org.springframework.security.config.annotation.configuration.ObjectPostProcessorConfiguration' of type [class org.springframework.security.config.annotation.configuration.ObjectPostProcessorConfiguration$$EnhancerBySpringCGLIB$$18c6fd2c] is not eligible for getting processed by all BeanPostProcessors (for example: not eligible for auto-proxying)
2016-08-15 10:49:55,923 INFO  - Bean 'objectPostProcessor' of type [class org.springframework.security.config.annotation.configuration.AutowireBeanFactoryObjectPostProcessor] is not eligible for getting processed by all BeanPostProcessors (for example: not eligible for auto-proxying)
2016-08-15 10:49:55,929 INFO  - Bean 'org.springframework.security.access.expression.method.DefaultMethodSecurityExpressionHandler@58924335' of type [class org.springframework.security.access.expression.method.DefaultMethodSecurityExpressionHandler] is not eligible for getting processed by all BeanPostProcessors (for example: not eligible for auto-proxying)
2016-08-15 10:49:55,939 INFO  - Bean 'org.springframework.security.config.annotation.method.configuration.GlobalMethodSecurityConfiguration' of type [class org.springframework.security.config.annotation.method.configuration.GlobalMethodSecurityConfiguration$$EnhancerBySpringCGLIB$$3d9b9fde] is not eligible for getting processed by all BeanPostProcessors (for example: not eligible for auto-proxying)
2016-08-15 10:49:55,969 INFO  - Bean 'methodSecurityMetadataSource' of type [class org.springframework.security.access.method.DelegatingMethodSecurityMetadataSource] is not eligible for getting processed by all BeanPostProcessors (for example: not eligible for auto-proxying)
2016-08-15 10:49:55,992 INFO  - Bean 'org.springframework.cache.annotation.ProxyCachingConfiguration' of type [class org.springframework.cache.annotation.ProxyCachingConfiguration$$EnhancerBySpringCGLIB$$c92b6b10] is not eligible for getting processed by all BeanPostProcessors (for example: not eligible for auto-proxying)
2016-08-15 10:49:56,068 INFO  - Bean 'org.springframework.transaction.annotation.ProxyTransactionManagementConfiguration' of type [class org.springframework.transaction.annotation.ProxyTransactionManagementConfiguration$$EnhancerBySpringCGLIB$$801934f2] is not eligible for getting processed by all BeanPostProcessors (for example: not eligible for auto-proxying)
2016-08-15 10:49:56,717 INFO  - HHH000412: Hibernate Core {5.0.7.Final}
2016-08-15 10:49:56,720 INFO  - HHH000206: hibernate.properties not found
2016-08-15 10:49:56,722 INFO  - HHH000021: Bytecode provider name : javassist
2016-08-15 10:49:56,815 INFO  - HCANN000001: Hibernate Commons Annotations {5.0.1.Final}
2016-08-15 10:49:57,417 INFO  - HHH000400: Using dialect: org.hibernate.dialect.MySQLDialect
2016-08-15 10:49:58,138 INFO  - HV000001: Hibernate Validator 5.2.2.Final
2016-08-15 10:49:59,665 INFO  - Mapped "{[/login]}" onto public java.lang.String by.it.academy.adorop.web.controllers.LoginController.login(javax.servlet.http.HttpServletRequest,org.springframework.ui.Model)
2016-08-15 10:49:59,669 INFO  - Mapped "{[/students/new]}" onto public java.lang.String by.it.academy.adorop.web.controllers.StudentController.register(by.it.academy.adorop.model.users.Student)
2016-08-15 10:49:59,669 INFO  - Mapped "{[/students/course]}" onto public java.lang.String by.it.academy.adorop.web.controllers.StudentController.showCourse(org.springframework.ui.Model,by.it.academy.adorop.model.users.Student,by.it.academy.adorop.model.Course)
2016-08-15 10:49:59,670 INFO  - Mapped "{[/students/registerForTheCourse],methods=[POST]}" onto public java.lang.String by.it.academy.adorop.web.controllers.StudentController.registerForTheCourse(by.it.academy.adorop.model.Course,by.it.academy.adorop.model.users.Student)
2016-08-15 10:49:59,670 INFO  - Mapped "{[/students/new],methods=[POST]}" onto public java.lang.String by.it.academy.adorop.web.controllers.AbstractUserController.saveNewUser(T,org.springframework.validation.BindingResult,org.springframework.ui.Model)
2016-08-15 10:49:59,670 INFO  - Mapped "{[/students]}" onto public java.lang.String by.it.academy.adorop.web.controllers.AbstractUserController.showCourses(javax.servlet.http.HttpServletRequest)
2016-08-15 10:49:59,676 INFO  - Mapped "{[/teachers/new]}" onto public java.lang.String by.it.academy.adorop.web.controllers.TeacherController.register(by.it.academy.adorop.model.users.Teacher)
2016-08-15 10:49:59,677 INFO  - Mapped "{[/teachers/add],methods=[POST]}" onto public java.lang.String by.it.academy.adorop.web.controllers.TeacherController.saveNewCourse(by.it.academy.adorop.model.Course,org.springframework.validation.BindingResult,org.springframework.ui.Model,by.it.academy.adorop.model.users.Teacher)
2016-08-15 10:49:59,677 INFO  - Mapped "{[/teachers/course]}" onto public java.lang.String by.it.academy.adorop.web.controllers.TeacherController.showCourse(by.it.academy.adorop.model.Course,org.springframework.ui.Model)
2016-08-15 10:49:59,678 INFO  - Mapped "{[/teachers/add]}" onto public java.lang.String by.it.academy.adorop.web.controllers.TeacherController.addCourse(org.springframework.ui.Model,by.it.academy.adorop.model.Course)
2016-08-15 10:49:59,678 INFO  - Mapped "{[/teachers/evaluate],methods=[POST]}" onto public java.lang.String by.it.academy.adorop.web.controllers.TeacherController.evaluate(by.it.academy.adorop.model.Mark,by.it.academy.adorop.model.Course,java.lang.Integer,org.springframework.ui.Model)
2016-08-15 10:49:59,678 INFO  - Mapped "{[/teachers/new],methods=[POST]}" onto public java.lang.String by.it.academy.adorop.web.controllers.AbstractUserController.saveNewUser(T,org.springframework.validation.BindingResult,org.springframework.ui.Model)
2016-08-15 10:49:59,679 INFO  - Mapped "{[/teachers]}" onto public java.lang.String by.it.academy.adorop.web.controllers.AbstractUserController.showCourses(javax.servlet.http.HttpServletRequest)
2016-08-15 10:49:59,838 INFO  - Looking for @ControllerAdvice: WebApplicationContext for namespace 'dispatcher-servlet': startup date [Mon Aug 15 10:49:54 EET 2016]; root of context hierarchy
2016-08-15 10:50:00,002 INFO  - Mapped URL path [/js/**] onto handler of type [class org.springframework.web.servlet.resource.ResourceHttpRequestHandler]
2016-08-15 10:50:00,045 INFO  - Detected @ExceptionHandler methods in exceptionHandlerAdvice
2016-08-15 10:50:00,064 INFO  - Initializing EhCache CacheManager
2016-08-15 10:50:00,307 INFO  - Using DataSource [JDBC URL = jdbc:mysql://localhost:3306/elective_courses?useEncoding=yes&useSSL=false&characterEncoding=UTF-8, Username = root, partitions = 1, max (per partition) = 10, min (per partition) = 0, idle max age = 60 min, idle test period = 240 min, strategy = DEFAULT] of Hibernate SessionFactory for HibernateTransactionManager
2016-08-15 10:50:00,678 INFO  - Creating filter chain: org.springframework.security.web.util.matcher.AnyRequestMatcher@1, [org.springframework.security.web.context.request.async.WebAsyncManagerIntegrationFilter@68d2af9f, org.springframework.security.web.context.SecurityContextPersistenceFilter@46f2eaa8, org.springframework.security.web.header.HeaderWriterFilter@39feaa62, org.springframework.security.web.csrf.CsrfFilter@7a865b12, org.springframework.security.web.authentication.logout.LogoutFilter@576a3a55, org.springframework.security.web.authentication.UsernamePasswordAuthenticationFilter@4562784, org.springframework.security.web.savedrequest.RequestCacheAwareFilter@96d4a3, org.springframework.security.web.servletapi.SecurityContextHolderAwareRequestFilter@5af64581, org.springframework.security.web.authentication.AnonymousAuthenticationFilter@55b741be, org.springframework.security.web.session.SessionManagementFilter@76302d55, org.springframework.security.web.access.ExceptionTranslationFilter@f958db5, org.springframework.security.web.access.intercept.FilterSecurityInterceptor@60d43be3]
2016-08-15 10:50:01,017 INFO  - Publishing TilesContext for context: org.springframework.web.servlet.view.tiles3.SpringWildcardServletTilesApplicationContext
2016-08-15 10:50:01,168 INFO  - FrameworkServlet 'dispatcher': initialization completed in 6831 ms
2016-08-15 10:50:10,534 INFO  - Closing WebApplicationContext for namespace 'dispatcher-servlet': startup date [Mon Aug 15 10:49:54 EET 2016]; root of context hierarchy
2016-08-15 10:50:10,544 INFO  - Removing TilesContext for context: org.springframework.web.servlet.view.tiles3.SpringWildcardServletTilesApplicationContext
2016-08-15 10:50:10,545 INFO  - Shutting down EhCache CacheManager
2016-08-15 10:50:10,554 INFO  - Shutting down connection pool...
2016-08-15 10:50:10,557 INFO  - Connection pool has been shutdown.
